<?xml version="1.0" encoding="UTF-8"?>
<testsuite name="com.app.beforeall.AfterAllTests" tests="1" skipped="0" failures="0" errors="0" timestamp="2023-11-15T06:28:35" hostname="singhs-MBP.lan" time="0.272">
  <properties/>
  <testcase name="deleteCreatedData()" classname="com.app.beforeall.AfterAllTests" time="0.272"/>
  <system-out><![CDATA[2023-11-15T11:58:35.087+05:30  INFO 25170 --- [    Test worker] t.c.s.AnnotationConfigContextLoaderUtils : Could not detect default configuration classes for test class [com.app.beforeall.AfterAllTests]: AfterAllTests does not declare any static, non-private, non-final, nested classes annotated with @Configuration.
2023-11-15T11:58:35.088+05:30  INFO 25170 --- [    Test worker] .b.t.c.SpringBootTestContextBootstrapper : Found @SpringBootConfiguration com.app.GeneralApplication for test class com.app.beforeall.AfterAllTests
2023-11-15T11:58:35.091+05:30  INFO 25170 --- [    Test worker] com.app.beforeall.AfterAllTests          : Deleting User: 4852
2023-11-15T11:58:35.096+05:30  INFO 25170 --- [o-auto-1-exec-1] com.app.common.user.UserController       : Deleting user: 4852
2023-11-15T11:58:35.108+05:30  INFO 25170 --- [o-auto-1-exec-1] com.app.common.user.UserController       : Deleted Successfully: 4852
2023-11-15T11:58:35.115+05:30  INFO 25170 --- [o-auto-1-exec-2] com.app.common.user.UserController       : User 4852 not found.
2023-11-15T11:58:35.116+05:30  INFO 25170 --- [    Test worker] com.app.beforeall.AfterAllTests          : Deleting User: 4853
2023-11-15T11:58:35.120+05:30  INFO 25170 --- [o-auto-1-exec-3] com.app.common.user.UserController       : Deleting user: 4853
2023-11-15T11:58:35.130+05:30  INFO 25170 --- [o-auto-1-exec-3] com.app.common.user.UserController       : Deleted Successfully: 4853
2023-11-15T11:58:35.137+05:30  INFO 25170 --- [o-auto-1-exec-4] com.app.common.user.UserController       : User 4853 not found.
2023-11-15T11:58:35.139+05:30  INFO 25170 --- [    Test worker] com.app.beforeall.AfterAllTests          : Deleting User: 4854
2023-11-15T11:58:35.142+05:30  INFO 25170 --- [o-auto-1-exec-5] com.app.common.user.UserController       : Deleting user: 4854
2023-11-15T11:58:35.153+05:30  INFO 25170 --- [o-auto-1-exec-5] com.app.common.user.UserController       : Deleted Successfully: 4854
2023-11-15T11:58:35.161+05:30  INFO 25170 --- [o-auto-1-exec-6] com.app.common.user.UserController       : User 4854 not found.
2023-11-15T11:58:35.162+05:30  INFO 25170 --- [    Test worker] com.app.beforeall.AfterAllTests          : Deleting User: 4855
2023-11-15T11:58:35.166+05:30  INFO 25170 --- [o-auto-1-exec-7] com.app.common.user.UserController       : Deleting user: 4855
2023-11-15T11:58:35.178+05:30  INFO 25170 --- [o-auto-1-exec-7] com.app.common.user.UserController       : Deleted Successfully: 4855
2023-11-15T11:58:35.186+05:30  INFO 25170 --- [o-auto-1-exec-8] com.app.common.user.UserController       : User 4855 not found.
2023-11-15T11:58:35.188+05:30  INFO 25170 --- [    Test worker] com.app.beforeall.AfterAllTests          : Deleting User: 4856
2023-11-15T11:58:35.192+05:30  INFO 25170 --- [o-auto-1-exec-9] com.app.common.user.UserController       : Deleting user: 4856
2023-11-15T11:58:35.205+05:30  INFO 25170 --- [o-auto-1-exec-9] com.app.common.user.UserController       : Deleted Successfully: 4856
2023-11-15T11:58:35.213+05:30  INFO 25170 --- [-auto-1-exec-10] com.app.common.user.UserController       : User 4856 not found.
2023-11-15T11:58:35.215+05:30  INFO 25170 --- [    Test worker] com.app.beforeall.AfterAllTests          : Deleting User: 4857
2023-11-15T11:58:35.219+05:30  INFO 25170 --- [o-auto-1-exec-1] com.app.common.user.UserController       : Deleting user: 4857
2023-11-15T11:58:35.231+05:30  INFO 25170 --- [o-auto-1-exec-1] com.app.common.user.UserController       : Deleted Successfully: 4857
2023-11-15T11:58:35.239+05:30  INFO 25170 --- [o-auto-1-exec-2] com.app.common.user.UserController       : User 4857 not found.
2023-11-15T11:58:35.240+05:30  INFO 25170 --- [    Test worker] com.app.beforeall.AfterAllTests          : Deleting User: 4858
2023-11-15T11:58:35.244+05:30  INFO 25170 --- [o-auto-1-exec-3] com.app.common.user.UserController       : Deleting user: 4858
2023-11-15T11:58:35.257+05:30  INFO 25170 --- [o-auto-1-exec-3] com.app.common.user.UserController       : Deleted Successfully: 4858
2023-11-15T11:58:35.263+05:30  INFO 25170 --- [o-auto-1-exec-4] com.app.common.user.UserController       : User 4858 not found.
2023-11-15T11:58:35.265+05:30  INFO 25170 --- [    Test worker] com.app.beforeall.AfterAllTests          : Deleting User: 4859
2023-11-15T11:58:35.269+05:30  INFO 25170 --- [o-auto-1-exec-5] com.app.common.user.UserController       : Deleting user: 4859
2023-11-15T11:58:35.278+05:30  INFO 25170 --- [o-auto-1-exec-5] com.app.common.user.UserController       : Deleted Successfully: 4859
2023-11-15T11:58:35.286+05:30  INFO 25170 --- [o-auto-1-exec-6] com.app.common.user.UserController       : User 4859 not found.
2023-11-15T11:58:35.287+05:30  INFO 25170 --- [    Test worker] com.app.beforeall.AfterAllTests          : Deleting User: 4860
2023-11-15T11:58:35.290+05:30  INFO 25170 --- [o-auto-1-exec-7] com.app.common.user.UserController       : Deleting user: 4860
2023-11-15T11:58:35.299+05:30  INFO 25170 --- [o-auto-1-exec-7] com.app.common.user.UserController       : Deleted Successfully: 4860
2023-11-15T11:58:35.306+05:30  INFO 25170 --- [o-auto-1-exec-8] com.app.common.user.UserController       : User 4860 not found.
2023-11-15T11:58:35.308+05:30  INFO 25170 --- [    Test worker] com.app.beforeall.AfterAllTests          : Deleting role: 1
2023-11-15T11:58:35.310+05:30  INFO 25170 --- [o-auto-1-exec-9] c.app.common.user.Role.RoleController    : Deleting role: 1
2023-11-15T11:58:35.324+05:30  INFO 25170 --- [o-auto-1-exec-9] c.app.common.user.Role.RoleController    : Deleted Successfully: 1
2023-11-15T11:58:35.325+05:30  INFO 25170 --- [    Test worker] com.app.beforeall.AfterAllTests          : Deleting role: 2
2023-11-15T11:58:35.329+05:30  INFO 25170 --- [-auto-1-exec-10] c.app.common.user.Role.RoleController    : Deleting role: 2
2023-11-15T11:58:35.342+05:30  INFO 25170 --- [-auto-1-exec-10] c.app.common.user.Role.RoleController    : Deleted Successfully: 2
2023-11-15T11:58:35.343+05:30  INFO 25170 --- [    Test worker] com.app.beforeall.AfterAllTests          : Deleting role: 3
2023-11-15T11:58:35.347+05:30  INFO 25170 --- [o-auto-1-exec-1] c.app.common.user.Role.RoleController    : Deleting role: 3
2023-11-15T11:58:35.359+05:30  INFO 25170 --- [o-auto-1-exec-1] c.app.common.user.Role.RoleController    : Deleted Successfully: 3
]]></system-out>
  <system-err><![CDATA[]]></system-err>
</testsuite>
